<?xml version="1.0" encoding="UTF-8"?>
<!-- Generated by org.testng.reporters.JUnitXMLReporter -->
<testsuite ignored="0" hostname="LAPTOP-4RNIP2UL" failures="1" tests="3" name="Test" time="29.047" errors="0" timestamp="19 Mar 2024 14:13:41 GMT">
  <testcase classname="testPackage.InvalidLoginTestCase" name="invalidLogin" time="0.718">
    <failure type="java.lang.NullPointerException" message="Cannot invoke &amp;quot;org.apache.poi.ss.usermodel.Sheet.getLastRowNum()&amp;quot; because &amp;quot;sheet&amp;quot; is null">
      <![CDATA[java.lang.NullPointerException: Cannot invoke "org.apache.poi.ss.usermodel.Sheet.getLastRowNum()" because "sheet" is null
at genericPackage.Flib.getRowCount(Flib.java:55)
at testPackage.InvalidLoginTestCase.invalidLogin(InvalidLoginTestCase.java:23)
... Removed 25 stack frames]]>
    </failure>
  </testcase> <!-- invalidLogin -->
  <testcase classname="testPackage.ValidLoginTestCase" name="ValidLoginTC" time="3.527"/>
  <testcase classname="testPackage.CreateUserManager" name="CreateUserManagerTC" time="8.891"/>
</testsuite> <!-- Test -->
