<?xml version="1.0" encoding="UTF-8"?>
<!-- Generated by org.testng.reporters.JUnitXMLReporter -->
<testsuite ignored="2" hostname="LAPTOP-4RNIP2UL" failures="0" tests="1" name="Test" time="9.285" errors="0" timestamp="15 Mar 2024 13:45:49 GMT">
  <testcase classname="testNGExecution.Remo" name="remo" time="9.268"/>
  <testcase classname="testNGExecution.Demo" name="demo" time="0.0">
    <ignored/>
  </testcase> <!-- demo -->
  <testcase classname="testNGExecution.Sumo" name="sumo" time="0.0">
    <ignored/>
  </testcase> <!-- sumo -->
</testsuite> <!-- Test -->
